<?xml version='1.0' encoding='utf-8'?>
<testsuites name="cocotb tests"><testsuite name="test_ofi_core" errors="0" failures="0" skipped="0" tests="4" time="0.024" timestamp="2026-09-18T17:16:37.172955+00:00" hostname="CUSAIL-DESKTOP"><testcase classname="test_ofi_core" name="test_first_event_is_seed" time="0.001"><properties><property name="cocotb" value="True" /><property name="random_seed" value="1789751797" /><property name="file" value="C:\Users\CUSail\Downloads\solidworks.tmp\HFT\ofi-golden-model\cocotb_tests\test_ofi_core.py" /><property name="line" value="69" /><property name="sim_time_unit" value="ns" /><property name="sim_time_start" value="0.0" /><property name="sim_time_stop" value="45.0" /><property name="sim_time_duration" value="45.0" /><property name="sim_time_ratio" value="79449.15177339134" /></properties></testcase><testcase classname="test_ofi_core" name="test_bid_price_up_counts_full_new_queue" time="0.000"><properties><property name="cocotb" value="True" /><property name="random_seed" value="1789751797" /><property name="file" value="C:\Users\CUSail\Downloads\solidworks.tmp\HFT\ofi-golden-model\cocotb_tests\test_ofi_core.py" /><property name="line" value="83" /><property name="sim_time_unit" value="ns" /><property name="sim_time_start" value="45.001" /><property name="sim_time_stop" value="110.001" /><property name="sim_time_duration" value="65.0" /><property name="sim_time_ratio" value="175296.65569831102" /></properties></testcase><testcase classname="test_ofi_core" name="test_matches_golden_model_random_walk" time="0.022"><properties><property name="cocotb" value="True" /><property name="random_seed" value="1789751797" /><property name="file" value="C:\Users\CUSail\Downloads\solidworks.tmp\HFT\ofi-golden-model\cocotb_tests\test_ofi_core.py" /><property name="line" value="103" /><property name="sim_time_unit" value="ns" /><property name="sim_time_start" value="110.002" /><property name="sim_time_stop" value="3155.002" /><property name="sim_time_duration" value="3045.0" /><property name="sim_time_ratio" value="136291.00473048264" /></properties></testcase><testcase classname="test_ofi_core" name="test_saturation_extreme_quantities" time="0.000"><properties><property name="cocotb" value="True" /><property name="random_seed" value="1789751797" /><property name="file" value="C:\Users\CUSail\Downloads\solidworks.tmp\HFT\ofi-golden-model\cocotb_tests\test_ofi_core.py" /><property name="line" value="126" /><property name="sim_time_unit" value="ns" /><property name="sim_time_start" value="3155.003" /><property name="sim_time_stop" value="3220.003" /><property name="sim_time_duration" value="65.0" /><property name="sim_time_ratio" value="189725.6334347805" /></properties></testcase></testsuite></testsuites>